<?xml version="1.0" encoding="UTF-8"?>
<testsuite xmlns:xsi="http://www.w3.org/2001/XMLSchema-instance" xsi:noNamespaceSchemaLocation="https://maven.apache.org/surefire/maven-surefire-plugin/xsd/surefire-test-report-3.0.xsd" version="3.0" name="com.ming.likou.leetcode628.SolutionTest" time="0.036" tests="4" errors="0" skipped="0" failures="0">
  <properties>
[...]
</properties>
  <testcase name="mixedWithOneNegative" classname="com.ming.likou.leetcode628.SolutionTest" time="0.017"/>
  <testcase name="allPositive" classname="com.ming.likou.leetcode628.SolutionTest" time="0.001"/>
  <testcase name="allNegative" classname="com.ming.likou.leetcode628.SolutionTest" time="0.001"/>
  <testcase name="mixedWithTwoNegatives" classname="com.ming.likou.leetcode628.SolutionTest" time="0.001"/>
</testsuite>